SignController.LoginIndex => Account_BLL.VerifyUserInfoIndex => LogRecord_Helper.RecordLog System.Data.SqlClient.SqlException (0x80131904): 列名 'Email' 无效。
   在 System.Data.SqlClient.SqlConnection.OnError(SqlException exception, Boolean breakConnection, Action`1 wrapCloseInAction)
   在 System.Data.SqlClient.SqlInternalConnection.OnError(SqlException exception, Boolean breakConnection, Action`1 wrapCloseInAction)
   在 System.Data.SqlClient.TdsParser.ThrowExceptionAndWarning(TdsParserStateObject stateObj, Boolean callerHasConnectionLock, Boolean asyncClose)
   在 System.Data.SqlClient.TdsParser.TryRun(RunBehavior runBehavior, SqlCommand cmdHandler, SqlDataReader dataStream, BulkCopySimpleResultSet bulkCopyHandler, TdsParserStateObject stateObj, Boolean& dataReady)
   在 System.Data.SqlClient.SqlDataReader.TryConsumeMetaData()
   在 System.Data.SqlClient.SqlDataReader.get_MetaData()
   在 System.Data.SqlClient.SqlCommand.FinishExecuteReader(SqlDataReader ds, RunBehavior runBehavior, String resetOptionsString)
   在 System.Data.SqlClient.SqlCommand.RunExecuteReaderTds(CommandBehavior cmdBehavior, RunBehavior runBehavior, Boolean returnStream, Boolean async, Int32 timeout, Task& task, Boolean asyncWrite, SqlDataReader ds, Boolean describeParameterEncryptionRequest)
   在 System.Data.SqlClient.SqlCommand.RunExecuteReader(CommandBehavior cmdBehavior, RunBehavior runBehavior, Boolean returnStream, String method, TaskCompletionSource`1 completion, Int32 timeout, Task& task, Boolean asyncWrite)
   在 System.Data.SqlClient.SqlCommand.RunExecuteReader(CommandBehavior cmdBehavior, RunBehavior runBehavior, Boolean returnStream, String method)
   在 System.Data.SqlClient.SqlCommand.ExecuteReader(CommandBehavior behavior, String method)
   在 System.Data.SqlClient.SqlCommand.ExecuteDbDataReader(CommandBehavior behavior)
   在 System.Data.Common.DbCommand.System.Data.IDbCommand.ExecuteReader(CommandBehavior behavior)
   在 Dapper.SqlMapper.ExecuteReaderWithFlagsFallback(IDbCommand cmd, Boolean wasClosed, CommandBehavior behavior)
   在 Dapper.SqlMapper.QueryRowImpl[T](IDbConnection cnn, Row row, CommandDefinition& command, Type effectiveType)
   在 Dapper.SqlMapper.QueryFirstOrDefault[T](IDbConnection cnn, String sql, Object param, IDbTransaction transaction, Nullable`1 commandTimeout, Nullable`1 commandType)
   在 PersonalWebService.DAL.OperateDB.GetSingle[T](String sql, Object param) 位置 F:\Codes\PersonalWebSite\PersonalWebService.DAL\OperateDB.cs:行号 52
   在 PersonalWebService.DAL.Operate_DAL.GetDataSingle[T](String sql, Object param) 位置 F:\Codes\PersonalWebSite\PersonalWebService.DAL\Operate_DAL.cs:行号 37
   在 PersonalWebService.BLL.Account_BLL.VerifyUserInfoIndex(UserLoginTwo user) 位置 F:\Codes\PersonalWebSite\PersonalWebService.BLL\Account_BLL.cs:行号 84
ClientConnectionId:a0567af0-8639-431c-b968-635bca8300a4
Error Number:207,State:1,Class:16
SignController.LoginIndex => Account_BLL.VerifyUserInfoIndex => LogRecord_Helper.RecordLog System.Data.SqlClient.SqlException (0x80131904): 列名 'Email' 无效。
   在 System.Data.SqlClient.SqlConnection.OnError(SqlException exception, Boolean breakConnection, Action`1 wrapCloseInAction)
   在 System.Data.SqlClient.SqlInternalConnection.OnError(SqlException exception, Boolean breakConnection, Action`1 wrapCloseInAction)
   在 System.Data.SqlClient.TdsParser.ThrowExceptionAndWarning(TdsParserStateObject stateObj, Boolean callerHasConnectionLock, Boolean asyncClose)
   在 System.Data.SqlClient.TdsParser.TryRun(RunBehavior runBehavior, SqlCommand cmdHandler, SqlDataReader dataStream, BulkCopySimpleResultSet bulkCopyHandler, TdsParserStateObject stateObj, Boolean& dataReady)
   在 System.Data.SqlClient.SqlDataReader.TryConsumeMetaData()
   在 System.Data.SqlClient.SqlDataReader.get_MetaData()
   在 System.Data.SqlClient.SqlCommand.FinishExecuteReader(SqlDataReader ds, RunBehavior runBehavior, String resetOptionsString)
   在 System.Data.SqlClient.SqlCommand.RunExecuteReaderTds(CommandBehavior cmdBehavior, RunBehavior runBehavior, Boolean returnStream, Boolean async, Int32 timeout, Task& task, Boolean asyncWrite, SqlDataReader ds, Boolean describeParameterEncryptionRequest)
   在 System.Data.SqlClient.SqlCommand.RunExecuteReader(CommandBehavior cmdBehavior, RunBehavior runBehavior, Boolean returnStream, String method, TaskCompletionSource`1 completion, Int32 timeout, Task& task, Boolean asyncWrite)
   在 System.Data.SqlClient.SqlCommand.RunExecuteReader(CommandBehavior cmdBehavior, RunBehavior runBehavior, Boolean returnStream, String method)
   在 System.Data.SqlClient.SqlCommand.ExecuteReader(CommandBehavior behavior, String method)
   在 System.Data.SqlClient.SqlCommand.ExecuteDbDataReader(CommandBehavior behavior)
   在 System.Data.Common.DbCommand.System.Data.IDbCommand.ExecuteReader(CommandBehavior behavior)
   在 Dapper.SqlMapper.ExecuteReaderWithFlagsFallback(IDbCommand cmd, Boolean wasClosed, CommandBehavior behavior)
   在 Dapper.SqlMapper.QueryRowImpl[T](IDbConnection cnn, Row row, CommandDefinition& command, Type effectiveType)
   在 Dapper.SqlMapper.QueryFirstOrDefault[T](IDbConnection cnn, String sql, Object param, IDbTransaction transaction, Nullable`1 commandTimeout, Nullable`1 commandType)
   在 PersonalWebService.DAL.OperateDB.GetSingle[T](String sql, Object param) 位置 F:\Codes\PersonalWebSite\PersonalWebService.DAL\OperateDB.cs:行号 52
   在 PersonalWebService.DAL.Operate_DAL.GetDataSingle[T](String sql, Object param) 位置 F:\Codes\PersonalWebSite\PersonalWebService.DAL\Operate_DAL.cs:行号 37
   在 PersonalWebService.BLL.Account_BLL.VerifyUserInfoIndex(UserLoginTwo user) 位置 F:\Codes\PersonalWebSite\PersonalWebService.BLL\Account_BLL.cs:行号 84
ClientConnectionId:a0567af0-8639-431c-b968-635bca8300a4
Error Number:207,State:1,Class:16
